<?xml version="1.0" encoding="UTF-8"?>
<!-- Generated by org.testng.reporters.JUnitXMLReporter -->
<testsuite hostname="DESKTOP-N5CTOJG" ignored="0" name="FirefoxTest" tests="7" failures="1" timestamp="29 Dec 2019 05:40:22 GMT" time="0.029" errors="0">
  <testcase name="testA" time="0.003" classname="listeners.DemoA"/>
  <testcase name="testB" time="0.003" classname="listeners.DemoA">
    <failure type="java.lang.AssertionError" message="null">
      <![CDATA[java.lang.AssertionError: null
at listeners.DemoA.testB(DemoA.java:21)
... Removed 27 stack frames]]>
    </failure>
  </testcase> <!-- testB -->
  <testcase name="testC" time="0.0" classname="listeners.DemoA">
    <skipped/>
  </testcase> <!-- testC -->
  <testcase name="testD" time="0.001" classname="listeners.DemoB"/>
  <testcase name="testE" time="0.002" classname="listeners.DemoB"/>
  <testcase name="testF" time="0.001" classname="listeners.DemoC"/>
  <testcase name="testG" time="0.002" classname="listeners.DemoC"/>
</testsuite> <!-- FirefoxTest -->
