<?xml version="1.0" encoding="UTF-8"?>
<!-- Generated by org.testng.reporters.JUnitXMLReporter -->
<testsuite hostname="DESKTOP-N5CTOJG" ignored="2" name="Test" tests="6" failures="2" timestamp="19 Jan 2020 05:37:30 GMT" time="26.855" errors="0">
  <testcase name="testE" time="2.433" classname="extentR.Demo1"/>
  <testcase name="testF" time="0.42" classname="extentR.Demo1">
    <failure type="java.lang.AssertionError" message="null">
      <![CDATA[java.lang.AssertionError: null
at extentR.Demo1.testF(Demo1.java:57)
... Removed 27 stack frames]]>
    </failure>
  </testcase> <!-- testF -->
  <testcase name="testA" time="3.417" classname="extentR.Demo"/>
  <testcase name="testB" time="2.62" classname="extentR.Demo"/>
  <testcase name="testC" time="0.55" classname="extentR.Demo">
    <failure type="java.lang.AssertionError" message="null">
      <![CDATA[java.lang.AssertionError: null
at extentR.Demo.testC(Demo.java:83)
... Removed 27 stack frames]]>
    </failure>
  </testcase> <!-- testC -->
  <testcase name="testD" time="2.32" classname="extentR.Demo"/>
  <testcase name="@AfterTest postTestBlock" time="0.0" classname="extentR.BaseTest">
    <ignored/>
  </testcase> <!-- @AfterTest postTestBlock -->
  <testcase name="@BeforeTest preTestBlock" time="0.0" classname="extentR.BaseTest">
    <ignored/>
  </testcase> <!-- @BeforeTest preTestBlock -->
</testsuite> <!-- Test -->
