<?xml version="1.0" encoding="UTF-8"?>
<testng-results skipped="0" failed="2" ignored="2" total="8" passed="4">
  <reporter-output>
  </reporter-output>
  <suite name="Suite" duration-ms="26855" started-at="2020-01-19T05:37:03Z" finished-at="2020-01-19T05:37:30Z">
    <groups>
    </groups>
    <test name="Test" duration-ms="26855" started-at="2020-01-19T05:37:03Z" finished-at="2020-01-19T05:37:30Z">
      <class name="extentR.Demo">
        <test-method status="PASS" signature="preClass()[pri:0, instance:extentR.Demo@15ff3e9e]" name="preClass" is-config="true" duration-ms="5210" started-at="2020-01-19T05:37:12Z" finished-at="2020-01-19T05:37:17Z">
          <reporter-output>
          </reporter-output>
        </test-method> <!-- preClass -->
        <test-method status="PASS" signature="testA()[pri:0, instance:extentR.Demo@15ff3e9e]" name="testA" duration-ms="3417" started-at="2020-01-19T05:37:17Z" finished-at="2020-01-19T05:37:21Z">
          <reporter-output>
          </reporter-output>
        </test-method> <!-- testA -->
        <test-method status="PASS" signature="postMethod(org.testng.ITestResult)[pri:0, instance:extentR.Demo@15ff3e9e]" name="postMethod" is-config="true" duration-ms="1" started-at="2020-01-19T05:37:21Z" finished-at="2020-01-19T05:37:21Z">
          <params>
            <param index="0">
              <value>
                <![CDATA[[TestResult name=testA status=SUCCESS method=Demo.testA()[pri:0, instance:extentR.Demo@15ff3e9e] output={null}]]]>
              </value>
            </param>
          </params>
          <reporter-output>
          </reporter-output>
        </test-method> <!-- postMethod -->
        <test-method status="PASS" signature="testB()[pri:0, instance:extentR.Demo@15ff3e9e]" name="testB" duration-ms="2620" started-at="2020-01-19T05:37:21Z" finished-at="2020-01-19T05:37:23Z">
          <reporter-output>
          </reporter-output>
        </test-method> <!-- testB -->
        <test-method status="PASS" signature="postMethod(org.testng.ITestResult)[pri:0, instance:extentR.Demo@15ff3e9e]" name="postMethod" is-config="true" duration-ms="0" started-at="2020-01-19T05:37:23Z" finished-at="2020-01-19T05:37:23Z">
          <params>
            <param index="0">
              <value>
                <![CDATA[[TestResult name=testB status=SUCCESS method=Demo.testB()[pri:0, instance:extentR.Demo@15ff3e9e] output={null}]]]>
              </value>
            </param>
          </params>
          <reporter-output>
          </reporter-output>
        </test-method> <!-- postMethod -->
        <test-method status="FAIL" signature="testC()[pri:0, instance:extentR.Demo@15ff3e9e]" name="testC" duration-ms="550" started-at="2020-01-19T05:37:23Z" finished-at="2020-01-19T05:37:24Z">
          <exception class="java.lang.AssertionError">
            <message>
              <![CDATA[null]]>
            </message>
            <full-stacktrace>
              <![CDATA[java.lang.AssertionError: null
at org.testng.Assert.fail(Assert.java:96)
at org.testng.Assert.fail(Assert.java:103)
at extentR.Demo.testC(Demo.java:83)
at sun.reflect.NativeMethodAccessorImpl.invoke0(Native Method)
at sun.reflect.NativeMethodAccessorImpl.invoke(Unknown Source)
at sun.reflect.DelegatingMethodAccessorImpl.invoke(Unknown Source)
at java.lang.reflect.Method.invoke(Unknown Source)
at org.testng.internal.MethodInvocationHelper.invokeMethod(MethodInvocationHelper.java:124)
at org.testng.internal.Invoker.invokeMethod(Invoker.java:583)
at org.testng.internal.Invoker.invokeTestMethod(Invoker.java:719)
at org.testng.internal.Invoker.invokeTestMethods(Invoker.java:989)
at org.testng.internal.TestMethodWorker.invokeTestMethods(TestMethodWorker.java:125)
at org.testng.internal.TestMethodWorker.run(TestMethodWorker.java:109)
at org.testng.TestRunner.privateRun(TestRunner.java:648)
at org.testng.TestRunner.run(TestRunner.java:505)
at org.testng.SuiteRunner.runTest(SuiteRunner.java:455)
at org.testng.SuiteRunner.runSequentially(SuiteRunner.java:450)
at org.testng.SuiteRunner.privateRun(SuiteRunner.java:415)
at org.testng.SuiteRunner.run(SuiteRunner.java:364)
at org.testng.SuiteRunnerWorker.runSuite(SuiteRunnerWorker.java:52)
at org.testng.SuiteRunnerWorker.run(SuiteRunnerWorker.java:84)
at org.testng.TestNG.runSuitesSequentially(TestNG.java:1208)
at org.testng.TestNG.runSuitesLocally(TestNG.java:1137)
at org.testng.TestNG.runSuites(TestNG.java:1049)
at org.testng.TestNG.run(TestNG.java:1017)
at org.testng.remote.AbstractRemoteTestNG.run(AbstractRemoteTestNG.java:114)
at org.testng.remote.RemoteTestNG.initAndRun(RemoteTestNG.java:251)
at org.testng.remote.RemoteTestNG.main(RemoteTestNG.java:77)
]]>
            </full-stacktrace>
          </exception> <!-- java.lang.AssertionError -->
          <reporter-output>
          </reporter-output>
        </test-method> <!-- testC -->
        <test-method status="PASS" signature="postMethod(org.testng.ITestResult)[pri:0, instance:extentR.Demo@15ff3e9e]" name="postMethod" is-config="true" duration-ms="503" started-at="2020-01-19T05:37:24Z" finished-at="2020-01-19T05:37:25Z">
          <params>
            <param index="0">
              <value>
                <![CDATA[[TestResult name=testC status=FAILURE method=Demo.testC()[pri:0, instance:extentR.Demo@15ff3e9e] output={null}]]]>
              </value>
            </param>
          </params>
          <reporter-output>
          </reporter-output>
        </test-method> <!-- postMethod -->
        <test-method status="PASS" signature="testD()[pri:0, instance:extentR.Demo@15ff3e9e]" name="testD" duration-ms="2320" started-at="2020-01-19T05:37:25Z" finished-at="2020-01-19T05:37:27Z">
          <reporter-output>
          </reporter-output>
        </test-method> <!-- testD -->
        <test-method status="PASS" signature="postMethod(org.testng.ITestResult)[pri:0, instance:extentR.Demo@15ff3e9e]" name="postMethod" is-config="true" duration-ms="1" started-at="2020-01-19T05:37:27Z" finished-at="2020-01-19T05:37:27Z">
          <params>
            <param index="0">
              <value>
                <![CDATA[[TestResult name=testD status=SUCCESS method=Demo.testD()[pri:0, instance:extentR.Demo@15ff3e9e] output={null}]]]>
              </value>
            </param>
          </params>
          <reporter-output>
          </reporter-output>
        </test-method> <!-- postMethod -->
        <test-method status="PASS" signature="postClass()[pri:0, instance:extentR.Demo@15ff3e9e]" name="postClass" is-config="true" duration-ms="2103" started-at="2020-01-19T05:37:27Z" finished-at="2020-01-19T05:37:29Z">
          <reporter-output>
          </reporter-output>
        </test-method> <!-- postClass -->
      </class> <!-- extentR.Demo -->
      <class name="extentR.Demo1">
        <test-method status="PASS" signature="preTestBlock()[pri:0, instance:extentR.Demo1@7fa98a66]" name="preTestBlock" is-config="true" duration-ms="196" started-at="2020-01-19T05:37:03Z" finished-at="2020-01-19T05:37:03Z">
          <reporter-output>
          </reporter-output>
        </test-method> <!-- preTestBlock -->
        <test-method status="PASS" signature="preClass()[pri:0, instance:extentR.Demo1@7fa98a66]" name="preClass" is-config="true" duration-ms="5872" started-at="2020-01-19T05:37:03Z" finished-at="2020-01-19T05:37:09Z">
          <reporter-output>
          </reporter-output>
        </test-method> <!-- preClass -->
        <test-method status="PASS" signature="testE()[pri:0, instance:extentR.Demo1@7fa98a66]" name="testE" duration-ms="2433" started-at="2020-01-19T05:37:09Z" finished-at="2020-01-19T05:37:11Z">
          <reporter-output>
          </reporter-output>
        </test-method> <!-- testE -->
        <test-method status="PASS" signature="postMethod(org.testng.ITestResult)[pri:0, instance:extentR.Demo1@7fa98a66]" name="postMethod" is-config="true" duration-ms="3" started-at="2020-01-19T05:37:11Z" finished-at="2020-01-19T05:37:11Z">
          <params>
            <param index="0">
              <value>
                <![CDATA[[TestResult name=testE status=SUCCESS method=Demo1.testE()[pri:0, instance:extentR.Demo1@7fa98a66] output={null}]]]>
              </value>
            </param>
          </params>
          <reporter-output>
          </reporter-output>
        </test-method> <!-- postMethod -->
        <test-method status="FAIL" signature="testF()[pri:0, instance:extentR.Demo1@7fa98a66]" name="testF" duration-ms="420" started-at="2020-01-19T05:37:11Z" finished-at="2020-01-19T05:37:12Z">
          <exception class="java.lang.AssertionError">
            <message>
              <![CDATA[null]]>
            </message>
            <full-stacktrace>
              <![CDATA[java.lang.AssertionError: null
at org.testng.Assert.fail(Assert.java:96)
at org.testng.Assert.fail(Assert.java:103)
at extentR.Demo1.testF(Demo1.java:57)
at sun.reflect.NativeMethodAccessorImpl.invoke0(Native Method)
at sun.reflect.NativeMethodAccessorImpl.invoke(Unknown Source)
at sun.reflect.DelegatingMethodAccessorImpl.invoke(Unknown Source)
at java.lang.reflect.Method.invoke(Unknown Source)
at org.testng.internal.MethodInvocationHelper.invokeMethod(MethodInvocationHelper.java:124)
at org.testng.internal.Invoker.invokeMethod(Invoker.java:583)
at org.testng.internal.Invoker.invokeTestMethod(Invoker.java:719)
at org.testng.internal.Invoker.invokeTestMethods(Invoker.java:989)
at org.testng.internal.TestMethodWorker.invokeTestMethods(TestMethodWorker.java:125)
at org.testng.internal.TestMethodWorker.run(TestMethodWorker.java:109)
at org.testng.TestRunner.privateRun(TestRunner.java:648)
at org.testng.TestRunner.run(TestRunner.java:505)
at org.testng.SuiteRunner.runTest(SuiteRunner.java:455)
at org.testng.SuiteRunner.runSequentially(SuiteRunner.java:450)
at org.testng.SuiteRunner.privateRun(SuiteRunner.java:415)
at org.testng.SuiteRunner.run(SuiteRunner.java:364)
at org.testng.SuiteRunnerWorker.runSuite(SuiteRunnerWorker.java:52)
at org.testng.SuiteRunnerWorker.run(SuiteRunnerWorker.java:84)
at org.testng.TestNG.runSuitesSequentially(TestNG.java:1208)
at org.testng.TestNG.runSuitesLocally(TestNG.java:1137)
at org.testng.TestNG.runSuites(TestNG.java:1049)
at org.testng.TestNG.run(TestNG.java:1017)
at org.testng.remote.AbstractRemoteTestNG.run(AbstractRemoteTestNG.java:114)
at org.testng.remote.RemoteTestNG.initAndRun(RemoteTestNG.java:251)
at org.testng.remote.RemoteTestNG.main(RemoteTestNG.java:77)
]]>
            </full-stacktrace>
          </exception> <!-- java.lang.AssertionError -->
          <reporter-output>
          </reporter-output>
        </test-method> <!-- testF -->
        <test-method status="PASS" signature="postMethod(org.testng.ITestResult)[pri:0, instance:extentR.Demo1@7fa98a66]" name="postMethod" is-config="true" duration-ms="408" started-at="2020-01-19T05:37:12Z" finished-at="2020-01-19T05:37:12Z">
          <params>
            <param index="0">
              <value>
                <![CDATA[[TestResult name=testF status=FAILURE method=Demo1.testF()[pri:0, instance:extentR.Demo1@7fa98a66] output={null}]]]>
              </value>
            </param>
          </params>
          <reporter-output>
          </reporter-output>
        </test-method> <!-- postMethod -->
        <test-method status="PASS" signature="postClass()[pri:0, instance:extentR.Demo1@7fa98a66]" name="postClass" is-config="true" duration-ms="159" started-at="2020-01-19T05:37:12Z" finished-at="2020-01-19T05:37:12Z">
          <reporter-output>
          </reporter-output>
        </test-method> <!-- postClass -->
        <test-method status="PASS" signature="postTestBlock()[pri:0, instance:extentR.Demo1@7fa98a66]" name="postTestBlock" is-config="true" duration-ms="587" started-at="2020-01-19T05:37:29Z" finished-at="2020-01-19T05:37:30Z">
          <reporter-output>
          </reporter-output>
        </test-method> <!-- postTestBlock -->
      </class> <!-- extentR.Demo1 -->
    </test> <!-- Test -->
  </suite> <!-- Suite -->
</testng-results>
