<?xml version="1.0" encoding="UTF-8"?>
<testng-results skipped="0" failed="0" ignored="0" total="1" passed="1">
  <reporter-output>
  </reporter-output>
  <suite name="Default suite" duration-ms="31728" started-at="2020-01-04T04:14:20Z" finished-at="2020-01-04T04:14:51Z">
    <groups>
    </groups>
    <test name="Default test" duration-ms="31728" started-at="2020-01-04T04:14:20Z" finished-at="2020-01-04T04:14:51Z">
      <class name="screenshot.ScreenshotUsingRobotClass">
        <test-method status="PASS" signature="testA()[pri:0, instance:screenshot.ScreenshotUsingRobotClass@479d31f3]" name="testA" duration-ms="31686" started-at="2020-01-04T04:14:20Z" finished-at="2020-01-04T04:14:51Z">
          <reporter-output>
          </reporter-output>
        </test-method> <!-- testA -->
      </class> <!-- screenshot.ScreenshotUsingRobotClass -->
    </test> <!-- Default test -->
  </suite> <!-- Default suite -->
</testng-results>
